<testsuites>
	<testsuite name="AllTests" tests="1">
		<testcase classname="AllTests" name="std::function&lt;void ()&gt;"/>
	</testsuite>
</testsuites>
